<?xml version="1.0" encoding="UTF-8"?>
<!-- Generated by org.testng.reporters.JUnitReportReporter -->
<testsuite hostname="LAPTOP-0S35IHI2" failures="0" tests="1" name="Test_GetMethod" time="2.461" errors="0" timestamp="2024-03-04T08:34:54 IST" skipped="0">
  <testcase classname="Test_GetMethod" name="test02" time="2.461"/>
</testsuite> <!-- Test_GetMethod -->
