<?xml version="1.0" encoding="UTF-8"?>
<!-- Generated by org.testng.reporters.JUnitReportReporter -->
<testsuite hostname="LAPTOP-0S35IHI2" failures="0" tests="1" name="FirstGetRequest" time="3.319" errors="0" timestamp="2024-02-29T20:24:45 IST" skipped="0">
  <testcase classname="FirstGetRequest" name="testcase01" time="3.319"/>
</testsuite> <!-- FirstGetRequest -->
