<?xml version="1.0" encoding="UTF-8"?>
<!-- Generated by org.testng.reporters.JUnitReportReporter -->
<testsuite hostname="LAPTOP-0S35IHI2" failures="0" tests="1" name="Test_postMethod" time="4.300" errors="0" timestamp="2024-03-04T10:17:41 IST" skipped="0">
  <testcase classname="Test_postMethod" name="test01" time="4.300"/>
</testsuite> <!-- Test_postMethod -->
