<?xml version="1.0" encoding="UTF-8"?>
<!-- Generated by org.testng.reporters.JUnitReportReporter -->
<testsuite hostname="LAPTOP-0S35IHI2" failures="0" tests="1" name="Test_DeleteMethod" time="4.238" errors="0" timestamp="2024-03-04T10:40:29 IST" skipped="0">
  <testcase classname="Test_DeleteMethod" name="test01" time="4.238"/>
</testsuite> <!-- Test_DeleteMethod -->
